
17:46 ---- Begin Startup ----
17:46 ---- architecture: 64bits
17:46 ---- arch: x86
17:46 ---- End ----
17:46 ---- Begin Runtime ----
17:46 ---- End ----
17:46 ---- Begin Shutdown ----
17:46 ---- Strong Warning: Component Stack: unable to free a component "__window_component" address(0x7fc23ed56360), unable to find its allocator
17:46 ---- Strong Warning: Component Stack: unable to free a component "__renderer_component" address(0x7fc23ed5645c), unable to find its allocator
17:46 ---- Strong Warning: Component Stack: unable to free a component "__scenes_manager" address(0x7fc23ed56678), unable to find its allocator
17:46 ---- Strong Warning: Component Stack: unable to free a component "Component" address(0x7fc23ed5670c), unable to find its allocator
17:46 ---- Strong Warning: Component Stack: unable to free a component "__camera3D" address(0x7fc23ed56778), unable to find its allocator
17:46 ---- End ----

17:56 ---- Begin Startup ----
17:56 ---- architecture: 64bits
17:56 ---- arch: x86
17:56 ---- End ----
17:56 ---- Begin Runtime ----
17:57 ---- End ----
17:57 ---- Begin Shutdown ----
17:57 ---- Strong Warning: Component Stack: unable to free a component "__window_component" address(0x7f2994cce360), unable to find its allocator
17:57 ---- Strong Warning: Component Stack: unable to free a component "__renderer_component" address(0x7f2994cce45c), unable to find its allocator
17:57 ---- Strong Warning: Component Stack: unable to free a component "__scenes_manager" address(0x7f2994cce678), unable to find its allocator
17:57 ---- Strong Warning: Component Stack: unable to free a component "Component" address(0x7f2994cce70c), unable to find its allocator
17:57 ---- Strong Warning: Component Stack: unable to free a component "__camera3D" address(0x7f2994cce778), unable to find its allocator
17:57 ---- End ----

20:48 ---- Begin Startup ----
20:48 ---- architecture: 64bits
20:48 ---- arch: x86
20:48 ---- End ----
20:48 ---- Begin Runtime ----
20:48 ---- End ----
20:48 ---- Begin Shutdown ----
20:48 ---- Strong Warning: Component Stack: unable to free a component "__window_component" address(0x7f86db0d1360), unable to find its allocator
20:48 ---- Strong Warning: Component Stack: unable to free a component "__renderer_component" address(0x7f86db0d145c), unable to find its allocator
20:48 ---- Strong Warning: Component Stack: unable to free a component "__scenes_manager" address(0x7f86db0d1678), unable to find its allocator
20:48 ---- Strong Warning: Component Stack: unable to free a component "Component" address(0x7f86db0d170c), unable to find its allocator
20:48 ---- Strong Warning: Component Stack: unable to free a component "__camera3D" address(0x7f86db0d1778), unable to find its allocator
20:48 ---- End ----

21:0 ---- Begin Startup ----
21:0 ---- architecture: 64bits
21:0 ---- arch: x86
21:0 ---- End ----
21:0 ---- Begin Runtime ----
21:0 ---- End ----
21:0 ---- Begin Shutdown ----
21:0 ---- Strong Warning: Component Stack: unable to free a component "__window_component" address(0x7f6d95806360), unable to find its allocator
21:0 ---- Strong Warning: Component Stack: unable to free a component "__renderer_component" address(0x7f6d9580645c), unable to find its allocator
21:0 ---- Strong Warning: Component Stack: unable to free a component "__scenes_manager" address(0x7f6d95806678), unable to find its allocator
21:0 ---- Strong Warning: Component Stack: unable to free a component "Component" address(0x7f6d9580670c), unable to find its allocator
21:0 ---- Strong Warning: Component Stack: unable to free a component "__camera3D" address(0x7f6d95806778), unable to find its allocator
21:0 ---- End ----

22:47 ---- Begin Startup ----
22:47 ---- architecture: 64bits
22:47 ---- arch: x86
22:47 ---- End ----
22:47 ---- Begin Runtime ----
22:49 ---- End ----
22:49 ---- Begin Shutdown ----
22:49 ---- Strong Warning: Component Stack: unable to free a component "__window_component" address(0x7ff5c76da360), unable to find its allocator
22:49 ---- Strong Warning: Component Stack: unable to free a component "__renderer_component" address(0x7ff5c76da45c), unable to find its allocator
22:49 ---- Strong Warning: Component Stack: unable to free a component "__scenes_manager" address(0x7ff5c76da678), unable to find its allocator
22:49 ---- Strong Warning: Component Stack: unable to free a component "Component" address(0x7ff5c76da70c), unable to find its allocator
22:49 ---- Strong Warning: Component Stack: unable to free a component "__camera3D" address(0x7ff5c76da778), unable to find its allocator
22:49 ---- End ----

23:23 ---- Begin Startup ----
23:23 ---- architecture: 64bits
23:23 ---- arch: x86
23:23 ---- Error: Vulkan layer error: Validation Error: [ VUID-VkGraphicsPipelineCreateInfo-layout-00756 ] Object 0: handle = 0xb9181f0000000029, type = VK_OBJECT_TYPE_SHADER_MODULE; Object 1: handle = 0xba7514000000002a, type = VK_OBJECT_TYPE_PIPELINE_LAYOUT; | MessageID = 0x45717876 | Shader uses descriptor slot 0.1 (expected `VK_DESCRIPTOR_TYPE_COMBINED_IMAGE_SAMPLER`) but not declared in pipeline layout The Vulkan spec states: layout must be consistent with all shaders specified in pStages (https://www.khronos.org/registry/vulkan/specs/1.3-extensions/html/vkspec.html#VUID-VkGraphicsPipelineCreateInfo-layout-00756)
23:23 ---- Error: Vulkan layer error: Validation Error: [ UNASSIGNED-CoreValidation-Shader-InputNotProduced ] Object 0: handle = 0xb9181f0000000029, type = VK_OBJECT_TYPE_SHADER_MODULE; | MessageID = 0x23e43bb7 | fragment shader consumes input location 1.0 which is not written by vertex shader
23:23 ---- End ----
23:23 ---- Begin Runtime ----
23:23 ---- Error: Vulkan layer error: Validation Error: [ VUID-vkCmdDrawIndexed-None-02699 ] Object 0: handle = 0xa2eb680000000026, type = VK_OBJECT_TYPE_DESCRIPTOR_SET; | MessageID = 0xa44449d4 | VkDescriptorSet 0xa2eb680000000026[] encountered the following validation error at vkCmdDrawIndexed time: Attempting to validate DrawState for binding #1  which is an invalid binding for this descriptor set. The Vulkan spec states: Descriptors in each bound descriptor set, specified via vkCmdBindDescriptorSets, must be valid if they are statically used by the VkPipeline bound to the pipeline bind point used by this command (https://www.khronos.org/registry/vulkan/specs/1.3-extensions/html/vkspec.html#VUID-vkCmdDrawIndexed-None-02699)
