
11:35 ---- Begin Startup ----
11:35 ---- architecture: 64bits
11:35 ---- arch: x86
11:35 ---- End ----
11:35 ---- Begin Runtime ----
11:35 ---- End ----
11:35 ---- Begin Shutdown ----
11:35 ---- Strong Warning: Component Stack: unable to free a component "__window_component" address(0x7f0605218360), unable to find its allocator
11:35 ---- Strong Warning: Component Stack: unable to free a component "__renderer_component" address(0x7f060521845c), unable to find its allocator
11:35 ---- Strong Warning: Component Stack: unable to free a component "__scenes_manager" address(0x7f0605218678), unable to find its allocator
11:35 ---- Strong Warning: Component Stack: unable to free a component "Component" address(0x7f060521870c), unable to find its allocator
11:35 ---- Strong Warning: Component Stack: unable to free a component "__camera3D" address(0x7f0605218778), unable to find its allocator
11:35 ---- End ----

12:20 ---- Begin Startup ----
12:20 ---- architecture: 64bits
12:20 ---- arch: x86
12:20 ---- End ----
12:20 ---- Begin Runtime ----
12:20 ---- End ----
12:20 ---- Begin Shutdown ----
12:20 ---- Strong Warning: Component Stack: unable to free a component "__window_component" address(0x7f4dfb1af360), unable to find its allocator
12:20 ---- Strong Warning: Component Stack: unable to free a component "__renderer_component" address(0x7f4dfb1af45c), unable to find its allocator
12:20 ---- Strong Warning: Component Stack: unable to free a component "__scenes_manager" address(0x7f4dfb1af678), unable to find its allocator
12:20 ---- Strong Warning: Component Stack: unable to free a component "Component" address(0x7f4dfb1af70c), unable to find its allocator
12:20 ---- Strong Warning: Component Stack: unable to free a component "__camera3D" address(0x7f4dfb1af778), unable to find its allocator
12:20 ---- End ----
