
11:40 ---- Begin Startup ----
11:40 ---- architecture: 64bits
11:40 ---- arch: x86
11:40 ---- End ----
11:40 ---- Begin Runtime ----
11:41 ---- End ----
11:41 ---- Begin Shutdown ----
11:41 ---- Strong Warning: Component Stack: unable to free a component "__window_component" address(0x7fc6b367c360), unable to find its allocator
11:41 ---- Strong Warning: Component Stack: unable to free a component "__renderer_component" address(0x7fc6b367c45c), unable to find its allocator
11:41 ---- Strong Warning: Component Stack: unable to free a component "__scenes_manager" address(0x7fc6b367c678), unable to find its allocator
11:41 ---- Strong Warning: Component Stack: unable to free a component "Component" address(0x7fc6b367c70c), unable to find its allocator
11:41 ---- Strong Warning: Component Stack: unable to free a component "__camera3D" address(0x7fc6b367c778), unable to find its allocator
11:41 ---- End ----

11:54 ---- Begin Startup ----
11:54 ---- architecture: 64bits
11:54 ---- arch: x86
11:54 ---- End ----
11:54 ---- Begin Runtime ----
11:55 ---- End ----
11:55 ---- Begin Shutdown ----
11:55 ---- Strong Warning: Component Stack: unable to free a component "__window_component" address(0x7ff14f6f1360), unable to find its allocator
11:55 ---- Strong Warning: Component Stack: unable to free a component "__renderer_component" address(0x7ff14f6f145c), unable to find its allocator
11:55 ---- Strong Warning: Component Stack: unable to free a component "__scenes_manager" address(0x7ff14f6f1678), unable to find its allocator
11:55 ---- Strong Warning: Component Stack: unable to free a component "Component" address(0x7ff14f6f170c), unable to find its allocator
11:55 ---- Strong Warning: Component Stack: unable to free a component "__camera3D" address(0x7ff14f6f1778), unable to find its allocator
11:55 ---- End ----

11:57 ---- Begin Startup ----
11:57 ---- architecture: 64bits
11:57 ---- arch: x86
11:57 ---- End ----
11:57 ---- Begin Runtime ----
12:0 ---- End ----
12:0 ---- Begin Shutdown ----
12:0 ---- Strong Warning: Component Stack: unable to free a component "__window_component" address(0x7f332f314360), unable to find its allocator
12:0 ---- Strong Warning: Component Stack: unable to free a component "__renderer_component" address(0x7f332f31445c), unable to find its allocator
12:0 ---- Strong Warning: Component Stack: unable to free a component "__scenes_manager" address(0x7f332f314678), unable to find its allocator
12:0 ---- Strong Warning: Component Stack: unable to free a component "Component" address(0x7f332f31470c), unable to find its allocator
12:0 ---- Strong Warning: Component Stack: unable to free a component "__camera3D" address(0x7f332f314778), unable to find its allocator
12:0 ---- End ----

12:2 ---- Begin Startup ----
12:2 ---- architecture: 64bits
12:2 ---- arch: x86
12:2 ---- End ----
12:2 ---- Begin Runtime ----

12:4 ---- Begin Startup ----
12:4 ---- architecture: 64bits
12:4 ---- arch: x86
12:4 ---- End ----
12:4 ---- Begin Runtime ----

12:5 ---- Begin Startup ----
12:5 ---- architecture: 64bits
12:5 ---- arch: x86
12:6 ---- End ----
12:6 ---- Begin Runtime ----

12:30 ---- Begin Startup ----
12:30 ---- architecture: 64bits
12:30 ---- arch: x86
12:30 ---- End ----
12:30 ---- Begin Runtime ----
12:30 ---- End ----
12:30 ---- Begin Shutdown ----
12:30 ---- Strong Warning: Component Stack: unable to free a component "__window_component" address(0x7fc6ad8ec360), unable to find its allocator
12:30 ---- Strong Warning: Component Stack: unable to free a component "__renderer_component" address(0x7fc6ad8ec45c), unable to find its allocator
12:30 ---- Strong Warning: Component Stack: unable to free a component "__scenes_manager" address(0x7fc6ad8ec678), unable to find its allocator
12:30 ---- Strong Warning: Component Stack: unable to free a component "Component" address(0x7fc6ad8ec70c), unable to find its allocator
12:30 ---- Strong Warning: Component Stack: unable to free a component "__camera3D" address(0x7fc6ad8ec778), unable to find its allocator
12:30 ---- End ----

12:31 ---- Begin Startup ----
12:31 ---- architecture: 64bits
12:31 ---- arch: x86
12:31 ---- End ----
12:31 ---- Begin Runtime ----
12:31 ---- End ----
12:31 ---- Begin Shutdown ----
12:31 ---- Strong Warning: Component Stack: unable to free a component "__window_component" address(0x7fbd22a04360), unable to find its allocator
12:31 ---- Strong Warning: Component Stack: unable to free a component "__renderer_component" address(0x7fbd22a0445c), unable to find its allocator
12:31 ---- Strong Warning: Component Stack: unable to free a component "__scenes_manager" address(0x7fbd22a04678), unable to find its allocator
12:31 ---- Strong Warning: Component Stack: unable to free a component "Component" address(0x7fbd22a0470c), unable to find its allocator
12:31 ---- Strong Warning: Component Stack: unable to free a component "__camera3D" address(0x7fbd22a04778), unable to find its allocator
12:31 ---- End ----

16:17 ---- Begin Startup ----
16:17 ---- architecture: 64bits
16:17 ---- arch: x86
16:17 ---- End ----
16:17 ---- Begin Runtime ----
16:17 ---- End ----
16:17 ---- Begin Shutdown ----
16:17 ---- Strong Warning: Component Stack: unable to free a component "__window_component" address(0x7f87a3bdd360), unable to find its allocator
16:17 ---- Strong Warning: Component Stack: unable to free a component "__renderer_component" address(0x7f87a3bdd45c), unable to find its allocator
16:17 ---- Strong Warning: Component Stack: unable to free a component "__scenes_manager" address(0x7f87a3bdd678), unable to find its allocator
16:17 ---- Strong Warning: Component Stack: unable to free a component "Component" address(0x7f87a3bdd70c), unable to find its allocator
16:17 ---- Strong Warning: Component Stack: unable to free a component "__camera3D" address(0x7f87a3bdd778), unable to find its allocator
16:17 ---- End ----

16:30 ---- Begin Startup ----
16:30 ---- architecture: 64bits
16:30 ---- arch: x86
16:30 ---- End ----
16:30 ---- Begin Runtime ----
16:30 ---- End ----
16:30 ---- Begin Shutdown ----
16:30 ---- Strong Warning: Component Stack: unable to free a component "__window_component" address(0x7f3695ee6360), unable to find its allocator
16:30 ---- Strong Warning: Component Stack: unable to free a component "__renderer_component" address(0x7f3695ee645c), unable to find its allocator
16:30 ---- Strong Warning: Component Stack: unable to free a component "__scenes_manager" address(0x7f3695ee6678), unable to find its allocator
16:30 ---- Strong Warning: Component Stack: unable to free a component "Component" address(0x7f3695ee670c), unable to find its allocator
16:30 ---- Strong Warning: Component Stack: unable to free a component "__camera3D" address(0x7f3695ee6778), unable to find its allocator
16:30 ---- End ----
